<?xml version="1.0" encoding="UTF-8"?>
<testsuite xmlns:xsi="http://www.w3.org/2001/XMLSchema-instance" xsi:noNamespaceSchemaLocation="https://maven.apache.org/surefire/maven-surefire-plugin/xsd/surefire-test-report-3.0.xsd" version="3.0" name="com.visualpathit.account.controllerTest.UserControllerTest" time="14.576" tests="6" errors="0" skipped="0" failures="0">
  <properties>
    <property name="sun.desktop" value="windows"/>
    <property name="awt.toolkit" value="sun.awt.windows.WToolkit"/>
    <property name="java.specification.version" value="11"/>
    <property name="sun.cpu.isalist" value="amd64"/>
    <property name="sun.jnu.encoding" value="Cp1252"/>
    <property name="java.class.path" value="C:\Users\USER\Desktop\devops\20 real time project\my project\vprofile-project\target\test-classes;C:\Users\USER\Desktop\devops\20 real time project\my project\vprofile-project\target\classes;C:\Users\USER\.m2\repository\org\springframework\spring-web\4.2.0.RELEASE\spring-web-4.2.0.RELEASE.jar;C:\Users\USER\.m2\repository\org\springframework\spring-aop\4.2.0.RELEASE\spring-aop-4.2.0.RELEASE.jar;C:\Users\USER\.m2\repository\org\springframework\spring-beans\4.2.0.RELEASE\spring-beans-4.2.0.RELEASE.jar;C:\Users\USER\.m2\repository\org\springframework\spring-context\4.2.0.RELEASE\spring-context-4.2.0.RELEASE.jar;C:\Users\USER\.m2\repository\org\springframework\spring-core\4.2.0.RELEASE\spring-core-4.2.0.RELEASE.jar;C:\Users\USER\.m2\repository\commons-logging\commons-logging\1.2\commons-logging-1.2.jar;C:\Users\USER\.m2\repository\org\springframework\spring-webmvc\4.2.0.RELEASE\spring-webmvc-4.2.0.RELEASE.jar;C:\Users\USER\.m2\repository\org\springframework\spring-expression\4.2.0.RELEASE\spring-expression-4.2.0.RELEASE.jar;C:\Users\USER\.m2\repository\org\springframework\security\spring-security-web\4.0.2.RELEASE\spring-security-web-4.0.2.RELEASE.jar;C:\Users\USER\.m2\repository\aopalliance\aopalliance\1.0\aopalliance-1.0.jar;C:\Users\USER\.m2\repository\org\springframework\security\spring-security-core\4.0.2.RELEASE\spring-security-core-4.0.2.RELEASE.jar;C:\Users\USER\.m2\repository\org\springframework\security\spring-security-config\4.0.2.RELEASE\spring-security-config-4.0.2.RELEASE.jar;C:\Users\USER\.m2\repository\org\hibernate\hibernate-validator\5.2.1.Final\hibernate-validator-5.2.1.Final.jar;C:\Users\USER\.m2\repository\javax\validation\validation-api\1.1.0.Final\validation-api-1.1.0.Final.jar;C:\Users\USER\.m2\repository\org\jboss\logging\jboss-logging\3.2.1.Final\jboss-logging-3.2.1.Final.jar;C:\Users\USER\.m2\repository\com\fasterxml\classmate\1.1.0\classmate-1.1.0.jar;C:\Users\USER\.m2\repository\org\springframework\data\spring-data-jpa\1.8.2.RELEASE\spring-data-jpa-1.8.2.RELEASE.jar;C:\Users\USER\.m2\repository\org\springframework\data\spring-data-commons\1.10.2.RELEASE\spring-data-commons-1.10.2.RELEASE.jar;C:\Users\USER\.m2\repository\org\springframework\spring-orm\4.0.9.RELEASE\spring-orm-4.0.9.RELEASE.jar;C:\Users\USER\.m2\repository\org\springframework\spring-jdbc\4.0.9.RELEASE\spring-jdbc-4.0.9.RELEASE.jar;C:\Users\USER\.m2\repository\org\springframework\spring-tx\4.0.9.RELEASE\spring-tx-4.0.9.RELEASE.jar;C:\Users\USER\.m2\repository\org\aspectj\aspectjrt\1.8.6\aspectjrt-1.8.6.jar;C:\Users\USER\.m2\repository\org\slf4j\slf4j-api\1.7.12\slf4j-api-1.7.12.jar;C:\Users\USER\.m2\repository\org\slf4j\jcl-over-slf4j\1.7.12\jcl-over-slf4j-1.7.12.jar;C:\Users\USER\.m2\repository\org\hibernate\hibernate-entitymanager\4.3.11.Final\hibernate-entitymanager-4.3.11.Final.jar;C:\Users\USER\.m2\repository\org\jboss\logging\jboss-logging-annotations\1.2.0.Beta1\jboss-logging-annotations-1.2.0.Beta1.jar;C:\Users\USER\.m2\repository\org\hibernate\hibernate-core\4.3.11.Final\hibernate-core-4.3.11.Final.jar;C:\Users\USER\.m2\repository\antlr\antlr\2.7.7\antlr-2.7.7.jar;C:\Users\USER\.m2\repository\org\jboss\jandex\1.1.0.Final\jandex-1.1.0.Final.jar;C:\Users\USER\.m2\repository\dom4j\dom4j\1.6.1\dom4j-1.6.1.jar;C:\Users\USER\.m2\repository\xml-apis\xml-apis\1.0.b2\xml-apis-1.0.b2.jar;C:\Users\USER\.m2\repository\org\hibernate\common\hibernate-commons-annotations\4.0.5.Final\hibernate-commons-annotations-4.0.5.Final.jar;C:\Users\USER\.m2\repository\org\hibernate\javax\persistence\hibernate-jpa-2.1-api\1.0.0.Final\hibernate-jpa-2.1-api-1.0.0.Final.jar;C:\Users\USER\.m2\repository\org\jboss\spec\javax\transaction\jboss-transaction-api_1.2_spec\1.0.0.Final\jboss-transaction-api_1.2_spec-1.0.0.Final.jar;C:\Users\USER\.m2\repository\org\javassist\javassist\3.18.1-GA\javassist-3.18.1-GA.jar;C:\Users\USER\.m2\repository\mysql\mysql-connector-java\5.1.36\mysql-connector-java-5.1.36.jar;C:\Users\USER\.m2\repository\commons-dbcp\commons-dbcp\1.4\commons-dbcp-1.4.jar;C:\Users\USER\.m2\repository\commons-pool\commons-pool\1.5.4\commons-pool-1.5.4.jar;C:\Users\USER\.m2\repository\javax\servlet\jstl\1.2\jstl-1.2.jar;C:\Users\USER\.m2\repository\junit\junit\4.10\junit-4.10.jar;C:\Users\USER\.m2\repository\org\hamcrest\hamcrest-core\1.1\hamcrest-core-1.1.jar;C:\Users\USER\.m2\repository\org\mockito\mockito-core\1.9.5\mockito-core-1.9.5.jar;C:\Users\USER\.m2\repository\org\objenesis\objenesis\1.0\objenesis-1.0.jar;C:\Users\USER\.m2\repository\org\springframework\spring-test\3.2.3.RELEASE\spring-test-3.2.3.RELEASE.jar;C:\Users\USER\.m2\repository\javax\servlet\javax.servlet-api\3.1.0\javax.servlet-api-3.1.0.jar;C:\Users\USER\.m2\repository\ch\qos\logback\logback-classic\1.1.3\logback-classic-1.1.3.jar;C:\Users\USER\.m2\repository\ch\qos\logback\logback-core\1.1.3\logback-core-1.1.3.jar;C:\Users\USER\.m2\repository\org\hamcrest\hamcrest-all\1.3\hamcrest-all-1.3.jar;C:\Users\USER\.m2\repository\commons-fileupload\commons-fileupload\1.3.1\commons-fileupload-1.3.1.jar;C:\Users\USER\.m2\repository\net\spy\spymemcached\2.12.3\spymemcached-2.12.3.jar;C:\Users\USER\.m2\repository\commons-io\commons-io\2.4\commons-io-2.4.jar;C:\Users\USER\.m2\repository\org\springframework\amqp\spring-rabbit\1.7.1.RELEASE\spring-rabbit-1.7.1.RELEASE.jar;C:\Users\USER\.m2\repository\org\springframework\spring-messaging\4.3.7.RELEASE\spring-messaging-4.3.7.RELEASE.jar;C:\Users\USER\.m2\repository\org\springframework\amqp\spring-amqp\1.7.1.RELEASE\spring-amqp-1.7.1.RELEASE.jar;C:\Users\USER\.m2\repository\com\rabbitmq\http-client\1.1.1.RELEASE\http-client-1.1.1.RELEASE.jar;C:\Users\USER\.m2\repository\org\apache\httpcomponents\httpclient\4.3.6\httpclient-4.3.6.jar;C:\Users\USER\.m2\repository\org\apache\httpcomponents\httpcore\4.3.3\httpcore-4.3.3.jar;C:\Users\USER\.m2\repository\commons-codec\commons-codec\1.6\commons-codec-1.6.jar;C:\Users\USER\.m2\repository\com\fasterxml\jackson\core\jackson-databind\2.8.4\jackson-databind-2.8.4.jar;C:\Users\USER\.m2\repository\com\fasterxml\jackson\core\jackson-annotations\2.8.0\jackson-annotations-2.8.0.jar;C:\Users\USER\.m2\repository\org\springframework\retry\spring-retry\1.2.0.RELEASE\spring-retry-1.2.0.RELEASE.jar;C:\Users\USER\.m2\repository\com\rabbitmq\amqp-client\4.0.2\amqp-client-4.0.2.jar;C:\Users\USER\.m2\repository\org\elasticsearch\elasticsearch\5.6.4\elasticsearch-5.6.4.jar;C:\Users\USER\.m2\repository\org\apache\lucene\lucene-core\6.6.1\lucene-core-6.6.1.jar;C:\Users\USER\.m2\repository\org\apache\lucene\lucene-analyzers-common\6.6.1\lucene-analyzers-common-6.6.1.jar;C:\Users\USER\.m2\repository\org\apache\lucene\lucene-backward-codecs\6.6.1\lucene-backward-codecs-6.6.1.jar;C:\Users\USER\.m2\repository\org\apache\lucene\lucene-grouping\6.6.1\lucene-grouping-6.6.1.jar;C:\Users\USER\.m2\repository\org\apache\lucene\lucene-highlighter\6.6.1\lucene-highlighter-6.6.1.jar;C:\Users\USER\.m2\repository\org\apache\lucene\lucene-join\6.6.1\lucene-join-6.6.1.jar;C:\Users\USER\.m2\repository\org\apache\lucene\lucene-memory\6.6.1\lucene-memory-6.6.1.jar;C:\Users\USER\.m2\repository\org\apache\lucene\lucene-misc\6.6.1\lucene-misc-6.6.1.jar;C:\Users\USER\.m2\repository\org\apache\lucene\lucene-queries\6.6.1\lucene-queries-6.6.1.jar;C:\Users\USER\.m2\repository\org\apache\lucene\lucene-queryparser\6.6.1\lucene-queryparser-6.6.1.jar;C:\Users\USER\.m2\repository\org\apache\lucene\lucene-sandbox\6.6.1\lucene-sandbox-6.6.1.jar;C:\Users\USER\.m2\repository\org\apache\lucene\lucene-spatial\6.6.1\lucene-spatial-6.6.1.jar;C:\Users\USER\.m2\repository\org\apache\lucene\lucene-spatial-extras\6.6.1\lucene-spatial-extras-6.6.1.jar;C:\Users\USER\.m2\repository\org\apache\lucene\lucene-spatial3d\6.6.1\lucene-spatial3d-6.6.1.jar;C:\Users\USER\.m2\repository\org\apache\lucene\lucene-suggest\6.6.1\lucene-suggest-6.6.1.jar;C:\Users\USER\.m2\repository\org\elasticsearch\securesm\1.1\securesm-1.1.jar;C:\Users\USER\.m2\repository\net\sf\jopt-simple\jopt-simple\5.0.2\jopt-simple-5.0.2.jar;C:\Users\USER\.m2\repository\com\carrotsearch\hppc\0.7.1\hppc-0.7.1.jar;C:\Users\USER\.m2\repository\joda-time\joda-time\2.9.5\joda-time-2.9.5.jar;C:\Users\USER\.m2\repository\org\yaml\snakeyaml\1.15\snakeyaml-1.15.jar;C:\Users\USER\.m2\repository\com\fasterxml\jackson\core\jackson-core\2.8.6\jackson-core-2.8.6.jar;C:\Users\USER\.m2\repository\com\fasterxml\jackson\dataformat\jackson-dataformat-smile\2.8.6\jackson-dataformat-smile-2.8.6.jar;C:\Users\USER\.m2\repository\com\fasterxml\jackson\dataformat\jackson-dataformat-yaml\2.8.6\jackson-dataformat-yaml-2.8.6.jar;C:\Users\USER\.m2\repository\com\fasterxml\jackson\dataformat\jackson-dataformat-cbor\2.8.6\jackson-dataformat-cbor-2.8.6.jar;C:\Users\USER\.m2\repository\com\tdunning\t-digest\3.0\t-digest-3.0.jar;C:\Users\USER\.m2\repository\org\hdrhistogram\HdrHistogram\2.1.9\HdrHistogram-2.1.9.jar;C:\Users\USER\.m2\repository\org\apache\logging\log4j\log4j-api\2.9.1\log4j-api-2.9.1.jar;C:\Users\USER\.m2\repository\org\elasticsearch\jna\4.4.0-1\jna-4.4.0-1.jar;C:\Users\USER\.m2\repository\org\elasticsearch\client\transport\5.6.4\transport-5.6.4.jar;C:\Users\USER\.m2\repository\org\elasticsearch\plugin\transport-netty3-client\5.6.4\transport-netty3-client-5.6.4.jar;C:\Users\USER\.m2\repository\io\netty\netty\3.10.6.Final\netty-3.10.6.Final.jar;C:\Users\USER\.m2\repository\org\elasticsearch\plugin\transport-netty4-client\5.6.4\transport-netty4-client-5.6.4.jar;C:\Users\USER\.m2\repository\io\netty\netty-buffer\4.1.13.Final\netty-buffer-4.1.13.Final.jar;C:\Users\USER\.m2\repository\io\netty\netty-codec\4.1.13.Final\netty-codec-4.1.13.Final.jar;C:\Users\USER\.m2\repository\io\netty\netty-codec-http\4.1.13.Final\netty-codec-http-4.1.13.Final.jar;C:\Users\USER\.m2\repository\io\netty\netty-common\4.1.13.Final\netty-common-4.1.13.Final.jar;C:\Users\USER\.m2\repository\io\netty\netty-handler\4.1.13.Final\netty-handler-4.1.13.Final.jar;C:\Users\USER\.m2\repository\io\netty\netty-resolver\4.1.13.Final\netty-resolver-4.1.13.Final.jar;C:\Users\USER\.m2\repository\io\netty\netty-transport\4.1.13.Final\netty-transport-4.1.13.Final.jar;C:\Users\USER\.m2\repository\org\elasticsearch\plugin\reindex-client\5.6.4\reindex-client-5.6.4.jar;C:\Users\USER\.m2\repository\org\elasticsearch\client\elasticsearch-rest-client\5.6.4\elasticsearch-rest-client-5.6.4.jar;C:\Users\USER\.m2\repository\org\apache\httpcomponents\httpasyncclient\4.1.2\httpasyncclient-4.1.2.jar;C:\Users\USER\.m2\repository\org\apache\httpcomponents\httpcore-nio\4.4.5\httpcore-nio-4.4.5.jar;C:\Users\USER\.m2\repository\org\elasticsearch\plugin\lang-mustache-client\5.6.4\lang-mustache-client-5.6.4.jar;C:\Users\USER\.m2\repository\com\github\spullara\mustache\java\compiler\0.9.3\compiler-0.9.3.jar;C:\Users\USER\.m2\repository\org\elasticsearch\plugin\percolator-client\5.6.4\percolator-client-5.6.4.jar;C:\Users\USER\.m2\repository\org\elasticsearch\plugin\parent-join-client\5.6.4\parent-join-client-5.6.4.jar;C:\Users\USER\.m2\repository\com\google\code\gson\gson\2.8.2\gson-2.8.2.jar;"/>
    <property name="java.vm.vendor" value="Amazon.com Inc."/>
    <property name="sun.arch.data.model" value="64"/>
    <property name="user.variant" value=""/>
    <property name="java.vendor.url" value="https://aws.amazon.com/corretto/"/>
    <property name="user.timezone" value="Asia/Calcutta"/>
    <property name="java.vm.specification.version" value="11"/>
    <property name="os.name" value="Windows 10"/>
    <property name="sun.java.launcher" value="SUN_STANDARD"/>
    <property name="user.country" value="US"/>
    <property name="sun.boot.library.path" value="C:\Program Files\Amazon Corretto\jdk11.0.19_7\bin"/>
    <property name="sun.java.command" value="C:\Users\USER\AppData\Local\Temp\surefire17145350619548376563\surefirebooter-20230728175218875_3.jar C:\Users\USER\AppData\Local\Temp\surefire17145350619548376563 2023-07-28T17-52-16_198-jvmRun1 surefire-20230728175218875_1tmp surefire_0-20230728175218875_2tmp"/>
    <property name="jdk.debug" value="release"/>
    <property name="surefire.test.class.path" value="C:\Users\USER\Desktop\devops\20 real time project\my project\vprofile-project\target\test-classes;C:\Users\USER\Desktop\devops\20 real time project\my project\vprofile-project\target\classes;C:\Users\USER\.m2\repository\org\springframework\spring-web\4.2.0.RELEASE\spring-web-4.2.0.RELEASE.jar;C:\Users\USER\.m2\repository\org\springframework\spring-aop\4.2.0.RELEASE\spring-aop-4.2.0.RELEASE.jar;C:\Users\USER\.m2\repository\org\springframework\spring-beans\4.2.0.RELEASE\spring-beans-4.2.0.RELEASE.jar;C:\Users\USER\.m2\repository\org\springframework\spring-context\4.2.0.RELEASE\spring-context-4.2.0.RELEASE.jar;C:\Users\USER\.m2\repository\org\springframework\spring-core\4.2.0.RELEASE\spring-core-4.2.0.RELEASE.jar;C:\Users\USER\.m2\repository\commons-logging\commons-logging\1.2\commons-logging-1.2.jar;C:\Users\USER\.m2\repository\org\springframework\spring-webmvc\4.2.0.RELEASE\spring-webmvc-4.2.0.RELEASE.jar;C:\Users\USER\.m2\repository\org\springframework\spring-expression\4.2.0.RELEASE\spring-expression-4.2.0.RELEASE.jar;C:\Users\USER\.m2\repository\org\springframework\security\spring-security-web\4.0.2.RELEASE\spring-security-web-4.0.2.RELEASE.jar;C:\Users\USER\.m2\repository\aopalliance\aopalliance\1.0\aopalliance-1.0.jar;C:\Users\USER\.m2\repository\org\springframework\security\spring-security-core\4.0.2.RELEASE\spring-security-core-4.0.2.RELEASE.jar;C:\Users\USER\.m2\repository\org\springframework\security\spring-security-config\4.0.2.RELEASE\spring-security-config-4.0.2.RELEASE.jar;C:\Users\USER\.m2\repository\org\hibernate\hibernate-validator\5.2.1.Final\hibernate-validator-5.2.1.Final.jar;C:\Users\USER\.m2\repository\javax\validation\validation-api\1.1.0.Final\validation-api-1.1.0.Final.jar;C:\Users\USER\.m2\repository\org\jboss\logging\jboss-logging\3.2.1.Final\jboss-logging-3.2.1.Final.jar;C:\Users\USER\.m2\repository\com\fasterxml\classmate\1.1.0\classmate-1.1.0.jar;C:\Users\USER\.m2\repository\org\springframework\data\spring-data-jpa\1.8.2.RELEASE\spring-data-jpa-1.8.2.RELEASE.jar;C:\Users\USER\.m2\repository\org\springframework\data\spring-data-commons\1.10.2.RELEASE\spring-data-commons-1.10.2.RELEASE.jar;C:\Users\USER\.m2\repository\org\springframework\spring-orm\4.0.9.RELEASE\spring-orm-4.0.9.RELEASE.jar;C:\Users\USER\.m2\repository\org\springframework\spring-jdbc\4.0.9.RELEASE\spring-jdbc-4.0.9.RELEASE.jar;C:\Users\USER\.m2\repository\org\springframework\spring-tx\4.0.9.RELEASE\spring-tx-4.0.9.RELEASE.jar;C:\Users\USER\.m2\repository\org\aspectj\aspectjrt\1.8.6\aspectjrt-1.8.6.jar;C:\Users\USER\.m2\repository\org\slf4j\slf4j-api\1.7.12\slf4j-api-1.7.12.jar;C:\Users\USER\.m2\repository\org\slf4j\jcl-over-slf4j\1.7.12\jcl-over-slf4j-1.7.12.jar;C:\Users\USER\.m2\repository\org\hibernate\hibernate-entitymanager\4.3.11.Final\hibernate-entitymanager-4.3.11.Final.jar;C:\Users\USER\.m2\repository\org\jboss\logging\jboss-logging-annotations\1.2.0.Beta1\jboss-logging-annotations-1.2.0.Beta1.jar;C:\Users\USER\.m2\repository\org\hibernate\hibernate-core\4.3.11.Final\hibernate-core-4.3.11.Final.jar;C:\Users\USER\.m2\repository\antlr\antlr\2.7.7\antlr-2.7.7.jar;C:\Users\USER\.m2\repository\org\jboss\jandex\1.1.0.Final\jandex-1.1.0.Final.jar;C:\Users\USER\.m2\repository\dom4j\dom4j\1.6.1\dom4j-1.6.1.jar;C:\Users\USER\.m2\repository\xml-apis\xml-apis\1.0.b2\xml-apis-1.0.b2.jar;C:\Users\USER\.m2\repository\org\hibernate\common\hibernate-commons-annotations\4.0.5.Final\hibernate-commons-annotations-4.0.5.Final.jar;C:\Users\USER\.m2\repository\org\hibernate\javax\persistence\hibernate-jpa-2.1-api\1.0.0.Final\hibernate-jpa-2.1-api-1.0.0.Final.jar;C:\Users\USER\.m2\repository\org\jboss\spec\javax\transaction\jboss-transaction-api_1.2_spec\1.0.0.Final\jboss-transaction-api_1.2_spec-1.0.0.Final.jar;C:\Users\USER\.m2\repository\org\javassist\javassist\3.18.1-GA\javassist-3.18.1-GA.jar;C:\Users\USER\.m2\repository\mysql\mysql-connector-java\5.1.36\mysql-connector-java-5.1.36.jar;C:\Users\USER\.m2\repository\commons-dbcp\commons-dbcp\1.4\commons-dbcp-1.4.jar;C:\Users\USER\.m2\repository\commons-pool\commons-pool\1.5.4\commons-pool-1.5.4.jar;C:\Users\USER\.m2\repository\javax\servlet\jstl\1.2\jstl-1.2.jar;C:\Users\USER\.m2\repository\junit\junit\4.10\junit-4.10.jar;C:\Users\USER\.m2\repository\org\hamcrest\hamcrest-core\1.1\hamcrest-core-1.1.jar;C:\Users\USER\.m2\repository\org\mockito\mockito-core\1.9.5\mockito-core-1.9.5.jar;C:\Users\USER\.m2\repository\org\objenesis\objenesis\1.0\objenesis-1.0.jar;C:\Users\USER\.m2\repository\org\springframework\spring-test\3.2.3.RELEASE\spring-test-3.2.3.RELEASE.jar;C:\Users\USER\.m2\repository\javax\servlet\javax.servlet-api\3.1.0\javax.servlet-api-3.1.0.jar;C:\Users\USER\.m2\repository\ch\qos\logback\logback-classic\1.1.3\logback-classic-1.1.3.jar;C:\Users\USER\.m2\repository\ch\qos\logback\logback-core\1.1.3\logback-core-1.1.3.jar;C:\Users\USER\.m2\repository\org\hamcrest\hamcrest-all\1.3\hamcrest-all-1.3.jar;C:\Users\USER\.m2\repository\commons-fileupload\commons-fileupload\1.3.1\commons-fileupload-1.3.1.jar;C:\Users\USER\.m2\repository\net\spy\spymemcached\2.12.3\spymemcached-2.12.3.jar;C:\Users\USER\.m2\repository\commons-io\commons-io\2.4\commons-io-2.4.jar;C:\Users\USER\.m2\repository\org\springframework\amqp\spring-rabbit\1.7.1.RELEASE\spring-rabbit-1.7.1.RELEASE.jar;C:\Users\USER\.m2\repository\org\springframework\spring-messaging\4.3.7.RELEASE\spring-messaging-4.3.7.RELEASE.jar;C:\Users\USER\.m2\repository\org\springframework\amqp\spring-amqp\1.7.1.RELEASE\spring-amqp-1.7.1.RELEASE.jar;C:\Users\USER\.m2\repository\com\rabbitmq\http-client\1.1.1.RELEASE\http-client-1.1.1.RELEASE.jar;C:\Users\USER\.m2\repository\org\apache\httpcomponents\httpclient\4.3.6\httpclient-4.3.6.jar;C:\Users\USER\.m2\repository\org\apache\httpcomponents\httpcore\4.3.3\httpcore-4.3.3.jar;C:\Users\USER\.m2\repository\commons-codec\commons-codec\1.6\commons-codec-1.6.jar;C:\Users\USER\.m2\repository\com\fasterxml\jackson\core\jackson-databind\2.8.4\jackson-databind-2.8.4.jar;C:\Users\USER\.m2\repository\com\fasterxml\jackson\core\jackson-annotations\2.8.0\jackson-annotations-2.8.0.jar;C:\Users\USER\.m2\repository\org\springframework\retry\spring-retry\1.2.0.RELEASE\spring-retry-1.2.0.RELEASE.jar;C:\Users\USER\.m2\repository\com\rabbitmq\amqp-client\4.0.2\amqp-client-4.0.2.jar;C:\Users\USER\.m2\repository\org\elasticsearch\elasticsearch\5.6.4\elasticsearch-5.6.4.jar;C:\Users\USER\.m2\repository\org\apache\lucene\lucene-core\6.6.1\lucene-core-6.6.1.jar;C:\Users\USER\.m2\repository\org\apache\lucene\lucene-analyzers-common\6.6.1\lucene-analyzers-common-6.6.1.jar;C:\Users\USER\.m2\repository\org\apache\lucene\lucene-backward-codecs\6.6.1\lucene-backward-codecs-6.6.1.jar;C:\Users\USER\.m2\repository\org\apache\lucene\lucene-grouping\6.6.1\lucene-grouping-6.6.1.jar;C:\Users\USER\.m2\repository\org\apache\lucene\lucene-highlighter\6.6.1\lucene-highlighter-6.6.1.jar;C:\Users\USER\.m2\repository\org\apache\lucene\lucene-join\6.6.1\lucene-join-6.6.1.jar;C:\Users\USER\.m2\repository\org\apache\lucene\lucene-memory\6.6.1\lucene-memory-6.6.1.jar;C:\Users\USER\.m2\repository\org\apache\lucene\lucene-misc\6.6.1\lucene-misc-6.6.1.jar;C:\Users\USER\.m2\repository\org\apache\lucene\lucene-queries\6.6.1\lucene-queries-6.6.1.jar;C:\Users\USER\.m2\repository\org\apache\lucene\lucene-queryparser\6.6.1\lucene-queryparser-6.6.1.jar;C:\Users\USER\.m2\repository\org\apache\lucene\lucene-sandbox\6.6.1\lucene-sandbox-6.6.1.jar;C:\Users\USER\.m2\repository\org\apache\lucene\lucene-spatial\6.6.1\lucene-spatial-6.6.1.jar;C:\Users\USER\.m2\repository\org\apache\lucene\lucene-spatial-extras\6.6.1\lucene-spatial-extras-6.6.1.jar;C:\Users\USER\.m2\repository\org\apache\lucene\lucene-spatial3d\6.6.1\lucene-spatial3d-6.6.1.jar;C:\Users\USER\.m2\repository\org\apache\lucene\lucene-suggest\6.6.1\lucene-suggest-6.6.1.jar;C:\Users\USER\.m2\repository\org\elasticsearch\securesm\1.1\securesm-1.1.jar;C:\Users\USER\.m2\repository\net\sf\jopt-simple\jopt-simple\5.0.2\jopt-simple-5.0.2.jar;C:\Users\USER\.m2\repository\com\carrotsearch\hppc\0.7.1\hppc-0.7.1.jar;C:\Users\USER\.m2\repository\joda-time\joda-time\2.9.5\joda-time-2.9.5.jar;C:\Users\USER\.m2\repository\org\yaml\snakeyaml\1.15\snakeyaml-1.15.jar;C:\Users\USER\.m2\repository\com\fasterxml\jackson\core\jackson-core\2.8.6\jackson-core-2.8.6.jar;C:\Users\USER\.m2\repository\com\fasterxml\jackson\dataformat\jackson-dataformat-smile\2.8.6\jackson-dataformat-smile-2.8.6.jar;C:\Users\USER\.m2\repository\com\fasterxml\jackson\dataformat\jackson-dataformat-yaml\2.8.6\jackson-dataformat-yaml-2.8.6.jar;C:\Users\USER\.m2\repository\com\fasterxml\jackson\dataformat\jackson-dataformat-cbor\2.8.6\jackson-dataformat-cbor-2.8.6.jar;C:\Users\USER\.m2\repository\com\tdunning\t-digest\3.0\t-digest-3.0.jar;C:\Users\USER\.m2\repository\org\hdrhistogram\HdrHistogram\2.1.9\HdrHistogram-2.1.9.jar;C:\Users\USER\.m2\repository\org\apache\logging\log4j\log4j-api\2.9.1\log4j-api-2.9.1.jar;C:\Users\USER\.m2\repository\org\elasticsearch\jna\4.4.0-1\jna-4.4.0-1.jar;C:\Users\USER\.m2\repository\org\elasticsearch\client\transport\5.6.4\transport-5.6.4.jar;C:\Users\USER\.m2\repository\org\elasticsearch\plugin\transport-netty3-client\5.6.4\transport-netty3-client-5.6.4.jar;C:\Users\USER\.m2\repository\io\netty\netty\3.10.6.Final\netty-3.10.6.Final.jar;C:\Users\USER\.m2\repository\org\elasticsearch\plugin\transport-netty4-client\5.6.4\transport-netty4-client-5.6.4.jar;C:\Users\USER\.m2\repository\io\netty\netty-buffer\4.1.13.Final\netty-buffer-4.1.13.Final.jar;C:\Users\USER\.m2\repository\io\netty\netty-codec\4.1.13.Final\netty-codec-4.1.13.Final.jar;C:\Users\USER\.m2\repository\io\netty\netty-codec-http\4.1.13.Final\netty-codec-http-4.1.13.Final.jar;C:\Users\USER\.m2\repository\io\netty\netty-common\4.1.13.Final\netty-common-4.1.13.Final.jar;C:\Users\USER\.m2\repository\io\netty\netty-handler\4.1.13.Final\netty-handler-4.1.13.Final.jar;C:\Users\USER\.m2\repository\io\netty\netty-resolver\4.1.13.Final\netty-resolver-4.1.13.Final.jar;C:\Users\USER\.m2\repository\io\netty\netty-transport\4.1.13.Final\netty-transport-4.1.13.Final.jar;C:\Users\USER\.m2\repository\org\elasticsearch\plugin\reindex-client\5.6.4\reindex-client-5.6.4.jar;C:\Users\USER\.m2\repository\org\elasticsearch\client\elasticsearch-rest-client\5.6.4\elasticsearch-rest-client-5.6.4.jar;C:\Users\USER\.m2\repository\org\apache\httpcomponents\httpasyncclient\4.1.2\httpasyncclient-4.1.2.jar;C:\Users\USER\.m2\repository\org\apache\httpcomponents\httpcore-nio\4.4.5\httpcore-nio-4.4.5.jar;C:\Users\USER\.m2\repository\org\elasticsearch\plugin\lang-mustache-client\5.6.4\lang-mustache-client-5.6.4.jar;C:\Users\USER\.m2\repository\com\github\spullara\mustache\java\compiler\0.9.3\compiler-0.9.3.jar;C:\Users\USER\.m2\repository\org\elasticsearch\plugin\percolator-client\5.6.4\percolator-client-5.6.4.jar;C:\Users\USER\.m2\repository\org\elasticsearch\plugin\parent-join-client\5.6.4\parent-join-client-5.6.4.jar;C:\Users\USER\.m2\repository\com\google\code\gson\gson\2.8.2\gson-2.8.2.jar;"/>
    <property name="sun.cpu.endian" value="little"/>
    <property name="user.home" value="C:\Users\USER"/>
    <property name="user.language" value="en"/>
    <property name="java.specification.vendor" value="Oracle Corporation"/>
    <property name="java.version.date" value="2023-04-18"/>
    <property name="java.home" value="C:\Program Files\Amazon Corretto\jdk11.0.19_7"/>
    <property name="file.separator" value="\"/>
    <property name="basedir" value="C:\Users\USER\Desktop\devops\20 real time project\my project\vprofile-project"/>
    <property name="java.vm.compressedOopsMode" value="Zero based"/>
    <property name="line.separator" value="&#10;"/>
    <property name="java.specification.name" value="Java Platform API Specification"/>
    <property name="java.vm.specification.vendor" value="Oracle Corporation"/>
    <property name="java.awt.graphicsenv" value="sun.awt.Win32GraphicsEnvironment"/>
    <property name="surefire.real.class.path" value="C:\Users\USER\AppData\Local\Temp\surefire17145350619548376563\surefirebooter-20230728175218875_3.jar"/>
    <property name="user.script" value=""/>
    <property name="sun.management.compiler" value="HotSpot 64-Bit Tiered Compilers"/>
    <property name="java.runtime.version" value="11.0.19+7-LTS"/>
    <property name="user.name" value="USER"/>
    <property name="path.separator" value=";"/>
    <property name="os.version" value="10.0"/>
    <property name="java.runtime.name" value="OpenJDK Runtime Environment"/>
    <property name="file.encoding" value="Cp1252"/>
    <property name="java.vm.name" value="OpenJDK 64-Bit Server VM"/>
    <property name="java.vendor.version" value="Corretto-11.0.19.7.1"/>
    <property name="localRepository" value="C:\Users\USER\.m2\repository"/>
    <property name="java.vendor.url.bug" value="https://github.com/corretto/corretto-11/issues/"/>
    <property name="java.io.tmpdir" value="C:\Users\USER\AppData\Local\Temp\"/>
    <property name="java.version" value="11.0.19"/>
    <property name="user.dir" value="C:\Users\USER\Desktop\devops\20 real time project\my project\vprofile-project"/>
    <property name="os.arch" value="amd64"/>
    <property name="java.vm.specification.name" value="Java Virtual Machine Specification"/>
    <property name="java.awt.printerjob" value="sun.awt.windows.WPrinterJob"/>
    <property name="sun.os.patch.level" value=""/>
    <property name="java.library.path" value="C:\Program Files\Amazon Corretto\jdk11.0.19_7\bin;C:\WINDOWS\Sun\Java\bin;C:\WINDOWS\system32;C:\WINDOWS;C:\Users\USER\bin;C:\Program Files\Git\mingw64\bin;C:\Program Files\Git\usr\local\bin;C:\Program Files\Git\usr\bin;C:\Program Files\Git\usr\bin;C:\Program Files\Git\mingw64\bin;C:\Program Files\Git\usr\bin;C:\Users\USER\bin;C:\Program Files\Amazon Corretto\jdk11.0.19_7\bin;C:\WINDOWS\system32;C:\WINDOWS;C:\WINDOWS\System32\Wbem;C:\WINDOWS\System32\WindowsPowerShell\v1.0;C:\WINDOWS\System32\OpenSSH;C:\ProgramData\chocolatey\bin;C:\Program Files\PuTTY;C:\Program Files\Microsoft VS Code\bin;C:\xampp\php;C:\Program Files\nodejs;C:\Program Files\Git\cmd;C:\Program Files\Git\mingw64\bin;C:\Program Files\Git\usr\bin;C:\composer;C:\Program Files\Amazon\AWSCLIV2;C:\Program Files\Rancher Desktop\resources\resources\win32\bin;C:\Program Files\Rancher Desktop\resources\resources\linux\bin;C:\HashiCorp\Vagrant\bin;C:\ProgramData\chocolatey\lib\maven\apache-maven-3.9.3\bin;C:\Users\USER\AppData\Local\Microsoft\WindowsApps;C:\Users\USER\AppData\Roaming\Composer\vendor\bin;C:\Users\USER\AppData\Roaming\npm;C:\Program Files\nodejs;C:\Users\USER\AppData\Local\Microsoft\WindowsApps;C:\Program Files\Docker Toolbox;C:\Users\USER\AppData\Local\Google\Cloud SDK\google-cloud-sdk\bin;C:\Program Files\Git\usr\bin\vendor_perl;C:\Program Files\Git\usr\bin\core_perl;."/>
    <property name="java.vm.info" value="mixed mode"/>
    <property name="java.vendor" value="Amazon.com Inc."/>
    <property name="java.vm.version" value="11.0.19+7-LTS"/>
    <property name="sun.io.unicode.encoding" value="UnicodeLittle"/>
    <property name="java.class.version" value="55.0"/>
  </properties>
  <testcase name="registrationTestforHappyFlow" classname="com.visualpathit.account.controllerTest.UserControllerTest" time="12.869">
    <system-out><![CDATA[17:52:29.149 [main] INFO  o.s.t.w.s.s.StandaloneMockMvcBuilder$StaticRequestMappingHandlerMapping#532 Mapped "{[/index],methods=[GET]}" onto public final java.lang.String com.visualpathit.account.controller.UserController.indexHome(org.springframework.ui.Model)
17:52:29.186 [main] INFO  o.s.t.w.s.s.StandaloneMockMvcBuilder$StaticRequestMappingHandlerMapping#532 Mapped "{[/users],methods=[GET]}" onto public java.lang.String com.visualpathit.account.controller.UserController.getAllUsers(org.springframework.ui.Model)
17:52:29.188 [main] INFO  o.s.t.w.s.s.StandaloneMockMvcBuilder$StaticRequestMappingHandlerMapping#532 Mapped "{[/users/{id}],methods=[GET]}" onto public java.lang.String com.visualpathit.account.controller.UserController.getOneUser(java.lang.String,org.springframework.ui.Model)
17:52:29.189 [main] INFO  o.s.t.w.s.s.StandaloneMockMvcBuilder$StaticRequestMappingHandlerMapping#532 Mapped "{[/user/{username}],methods=[GET]}" onto public final java.lang.String com.visualpathit.account.controller.UserController.userUpdate(java.lang.String,org.springframework.ui.Model)
17:52:29.190 [main] INFO  o.s.t.w.s.s.StandaloneMockMvcBuilder$StaticRequestMappingHandlerMapping#532 Mapped "{[/user/rabbit],methods=[GET]}" onto public java.lang.String com.visualpathit.account.controller.UserController.rabbitmqSetUp()
17:52:29.191 [main] INFO  o.s.t.w.s.s.StandaloneMockMvcBuilder$StaticRequestMappingHandlerMapping#532 Mapped "{[/user/{username}],methods=[POST]}" onto public final java.lang.String com.visualpathit.account.controller.UserController.userUpdateProfile(java.lang.String,com.visualpathit.account.model.User,org.springframework.ui.Model)
17:52:29.193 [main] INFO  o.s.t.w.s.s.StandaloneMockMvcBuilder$StaticRequestMappingHandlerMapping#532 Mapped "{[/login],methods=[GET]}" onto public final java.lang.String com.visualpathit.account.controller.UserController.login(org.springframework.ui.Model,java.lang.String,java.lang.String)
17:52:29.194 [main] INFO  o.s.t.w.s.s.StandaloneMockMvcBuilder$StaticRequestMappingHandlerMapping#532 Mapped "{[/ || /welcome],methods=[GET]}" onto public final java.lang.String com.visualpathit.account.controller.UserController.welcome(org.springframework.ui.Model)
17:52:29.195 [main] INFO  o.s.t.w.s.s.StandaloneMockMvcBuilder$StaticRequestMappingHandlerMapping#532 Mapped "{[/registration],methods=[GET]}" onto public final java.lang.String com.visualpathit.account.controller.UserController.registration(org.springframework.ui.Model)
17:52:29.205 [main] INFO  o.s.t.w.s.s.StandaloneMockMvcBuilder$StaticRequestMappingHandlerMapping#532 Mapped "{[/registration],methods=[POST]}" onto public final java.lang.String com.visualpathit.account.controller.UserController.registration(com.visualpathit.account.model.User,org.springframework.validation.BindingResult,org.springframework.ui.Model)
17:52:35.422 [main] INFO  o.s.w.s.m.m.a.RequestMappingHandlerAdapter#532 Looking for @ControllerAdvice: org.springframework.test.web.servlet.setup.StubWebApplicationContext@666618d6
17:52:36.074 [main] INFO  o.s.m.w.MockServletContext#390 Initializing Spring FrameworkServlet ''
17:52:36.074 [main] INFO  o.s.t.w.s.TestDispatcherServlet#488 FrameworkServlet '': initialization started
17:52:36.086 [main] INFO  o.s.t.w.s.TestDispatcherServlet#507 FrameworkServlet '': initialization completed in 11 ms
]]></system-out>
    <system-err><![CDATA[ERROR StatusLogger Log4j2 could not find a logging implementation. Please add log4j-core to the classpath. Using SimpleLogger to log to the console...
]]></system-err>
  </testcase>
  <testcase name="welcomeTestHappyFlow" classname="com.visualpathit.account.controllerTest.UserControllerTest" time="0.487">
    <system-out><![CDATA[17:52:36.784 [main] INFO  o.s.t.w.s.s.StandaloneMockMvcBuilder$StaticRequestMappingHandlerMapping#532 Mapped "{[/index],methods=[GET]}" onto public final java.lang.String com.visualpathit.account.controller.UserController.indexHome(org.springframework.ui.Model)
17:52:36.785 [main] INFO  o.s.t.w.s.s.StandaloneMockMvcBuilder$StaticRequestMappingHandlerMapping#532 Mapped "{[/users],methods=[GET]}" onto public java.lang.String com.visualpathit.account.controller.UserController.getAllUsers(org.springframework.ui.Model)
17:52:36.786 [main] INFO  o.s.t.w.s.s.StandaloneMockMvcBuilder$StaticRequestMappingHandlerMapping#532 Mapped "{[/users/{id}],methods=[GET]}" onto public java.lang.String com.visualpathit.account.controller.UserController.getOneUser(java.lang.String,org.springframework.ui.Model)
17:52:36.787 [main] INFO  o.s.t.w.s.s.StandaloneMockMvcBuilder$StaticRequestMappingHandlerMapping#532 Mapped "{[/user/{username}],methods=[GET]}" onto public final java.lang.String com.visualpathit.account.controller.UserController.userUpdate(java.lang.String,org.springframework.ui.Model)
17:52:36.788 [main] INFO  o.s.t.w.s.s.StandaloneMockMvcBuilder$StaticRequestMappingHandlerMapping#532 Mapped "{[/user/rabbit],methods=[GET]}" onto public java.lang.String com.visualpathit.account.controller.UserController.rabbitmqSetUp()
17:52:36.790 [main] INFO  o.s.t.w.s.s.StandaloneMockMvcBuilder$StaticRequestMappingHandlerMapping#532 Mapped "{[/user/{username}],methods=[POST]}" onto public final java.lang.String com.visualpathit.account.controller.UserController.userUpdateProfile(java.lang.String,com.visualpathit.account.model.User,org.springframework.ui.Model)
17:52:36.791 [main] INFO  o.s.t.w.s.s.StandaloneMockMvcBuilder$StaticRequestMappingHandlerMapping#532 Mapped "{[/login],methods=[GET]}" onto public final java.lang.String com.visualpathit.account.controller.UserController.login(org.springframework.ui.Model,java.lang.String,java.lang.String)
17:52:36.792 [main] INFO  o.s.t.w.s.s.StandaloneMockMvcBuilder$StaticRequestMappingHandlerMapping#532 Mapped "{[/ || /welcome],methods=[GET]}" onto public final java.lang.String com.visualpathit.account.controller.UserController.welcome(org.springframework.ui.Model)
17:52:36.793 [main] INFO  o.s.t.w.s.s.StandaloneMockMvcBuilder$StaticRequestMappingHandlerMapping#532 Mapped "{[/registration],methods=[GET]}" onto public final java.lang.String com.visualpathit.account.controller.UserController.registration(org.springframework.ui.Model)
17:52:36.797 [main] INFO  o.s.t.w.s.s.StandaloneMockMvcBuilder$StaticRequestMappingHandlerMapping#532 Mapped "{[/registration],methods=[POST]}" onto public final java.lang.String com.visualpathit.account.controller.UserController.registration(com.visualpathit.account.model.User,org.springframework.validation.BindingResult,org.springframework.ui.Model)
17:52:36.914 [main] INFO  o.s.w.s.m.m.a.RequestMappingHandlerAdapter#532 Looking for @ControllerAdvice: org.springframework.test.web.servlet.setup.StubWebApplicationContext@6d919a4
17:52:36.963 [main] INFO  o.s.m.w.MockServletContext#390 Initializing Spring FrameworkServlet ''
17:52:36.965 [main] INFO  o.s.t.w.s.TestDispatcherServlet#488 FrameworkServlet '': initialization started
17:52:36.966 [main] INFO  o.s.t.w.s.TestDispatcherServlet#507 FrameworkServlet '': initialization completed in 0 ms
]]></system-out>
  </testcase>
  <testcase name="loginTestHappyFlow" classname="com.visualpathit.account.controllerTest.UserControllerTest" time="0.248">
    <system-out><![CDATA[17:52:37.013 [main] INFO  o.s.t.w.s.s.StandaloneMockMvcBuilder$StaticRequestMappingHandlerMapping#532 Mapped "{[/index],methods=[GET]}" onto public final java.lang.String com.visualpathit.account.controller.UserController.indexHome(org.springframework.ui.Model)
17:52:37.014 [main] INFO  o.s.t.w.s.s.StandaloneMockMvcBuilder$StaticRequestMappingHandlerMapping#532 Mapped "{[/users],methods=[GET]}" onto public java.lang.String com.visualpathit.account.controller.UserController.getAllUsers(org.springframework.ui.Model)
17:52:37.015 [main] INFO  o.s.t.w.s.s.StandaloneMockMvcBuilder$StaticRequestMappingHandlerMapping#532 Mapped "{[/users/{id}],methods=[GET]}" onto public java.lang.String com.visualpathit.account.controller.UserController.getOneUser(java.lang.String,org.springframework.ui.Model)
17:52:37.016 [main] INFO  o.s.t.w.s.s.StandaloneMockMvcBuilder$StaticRequestMappingHandlerMapping#532 Mapped "{[/user/{username}],methods=[GET]}" onto public final java.lang.String com.visualpathit.account.controller.UserController.userUpdate(java.lang.String,org.springframework.ui.Model)
17:52:37.017 [main] INFO  o.s.t.w.s.s.StandaloneMockMvcBuilder$StaticRequestMappingHandlerMapping#532 Mapped "{[/user/rabbit],methods=[GET]}" onto public java.lang.String com.visualpathit.account.controller.UserController.rabbitmqSetUp()
17:52:37.018 [main] INFO  o.s.t.w.s.s.StandaloneMockMvcBuilder$StaticRequestMappingHandlerMapping#532 Mapped "{[/user/{username}],methods=[POST]}" onto public final java.lang.String com.visualpathit.account.controller.UserController.userUpdateProfile(java.lang.String,com.visualpathit.account.model.User,org.springframework.ui.Model)
17:52:37.019 [main] INFO  o.s.t.w.s.s.StandaloneMockMvcBuilder$StaticRequestMappingHandlerMapping#532 Mapped "{[/login],methods=[GET]}" onto public final java.lang.String com.visualpathit.account.controller.UserController.login(org.springframework.ui.Model,java.lang.String,java.lang.String)
17:52:37.020 [main] INFO  o.s.t.w.s.s.StandaloneMockMvcBuilder$StaticRequestMappingHandlerMapping#532 Mapped "{[/ || /welcome],methods=[GET]}" onto public final java.lang.String com.visualpathit.account.controller.UserController.welcome(org.springframework.ui.Model)
17:52:37.021 [main] INFO  o.s.t.w.s.s.StandaloneMockMvcBuilder$StaticRequestMappingHandlerMapping#532 Mapped "{[/registration],methods=[GET]}" onto public final java.lang.String com.visualpathit.account.controller.UserController.registration(org.springframework.ui.Model)
17:52:37.022 [main] INFO  o.s.t.w.s.s.StandaloneMockMvcBuilder$StaticRequestMappingHandlerMapping#532 Mapped "{[/registration],methods=[POST]}" onto public final java.lang.String com.visualpathit.account.controller.UserController.registration(com.visualpathit.account.model.User,org.springframework.validation.BindingResult,org.springframework.ui.Model)
17:52:37.223 [main] INFO  o.s.w.s.m.m.a.RequestMappingHandlerAdapter#532 Looking for @ControllerAdvice: org.springframework.test.web.servlet.setup.StubWebApplicationContext@323b4e2a
17:52:37.273 [main] INFO  o.s.m.w.MockServletContext#390 Initializing Spring FrameworkServlet ''
17:52:37.274 [main] INFO  o.s.t.w.s.TestDispatcherServlet#488 FrameworkServlet '': initialization started
17:52:37.275 [main] INFO  o.s.t.w.s.TestDispatcherServlet#507 FrameworkServlet '': initialization completed in 1 ms
Model data{}
]]></system-out>
  </testcase>
  <testcase name="indexTestHappyFlow" classname="com.visualpathit.account.controllerTest.UserControllerTest" time="0.247">
    <system-out><![CDATA[17:52:37.451 [main] INFO  o.s.t.w.s.s.StandaloneMockMvcBuilder$StaticRequestMappingHandlerMapping#532 Mapped "{[/index],methods=[GET]}" onto public final java.lang.String com.visualpathit.account.controller.UserController.indexHome(org.springframework.ui.Model)
17:52:37.452 [main] INFO  o.s.t.w.s.s.StandaloneMockMvcBuilder$StaticRequestMappingHandlerMapping#532 Mapped "{[/users],methods=[GET]}" onto public java.lang.String com.visualpathit.account.controller.UserController.getAllUsers(org.springframework.ui.Model)
17:52:37.453 [main] INFO  o.s.t.w.s.s.StandaloneMockMvcBuilder$StaticRequestMappingHandlerMapping#532 Mapped "{[/users/{id}],methods=[GET]}" onto public java.lang.String com.visualpathit.account.controller.UserController.getOneUser(java.lang.String,org.springframework.ui.Model)
17:52:37.454 [main] INFO  o.s.t.w.s.s.StandaloneMockMvcBuilder$StaticRequestMappingHandlerMapping#532 Mapped "{[/user/{username}],methods=[GET]}" onto public final java.lang.String com.visualpathit.account.controller.UserController.userUpdate(java.lang.String,org.springframework.ui.Model)
17:52:37.455 [main] INFO  o.s.t.w.s.s.StandaloneMockMvcBuilder$StaticRequestMappingHandlerMapping#532 Mapped "{[/user/rabbit],methods=[GET]}" onto public java.lang.String com.visualpathit.account.controller.UserController.rabbitmqSetUp()
17:52:37.456 [main] INFO  o.s.t.w.s.s.StandaloneMockMvcBuilder$StaticRequestMappingHandlerMapping#532 Mapped "{[/user/{username}],methods=[POST]}" onto public final java.lang.String com.visualpathit.account.controller.UserController.userUpdateProfile(java.lang.String,com.visualpathit.account.model.User,org.springframework.ui.Model)
17:52:37.457 [main] INFO  o.s.t.w.s.s.StandaloneMockMvcBuilder$StaticRequestMappingHandlerMapping#532 Mapped "{[/login],methods=[GET]}" onto public final java.lang.String com.visualpathit.account.controller.UserController.login(org.springframework.ui.Model,java.lang.String,java.lang.String)
17:52:37.459 [main] INFO  o.s.t.w.s.s.StandaloneMockMvcBuilder$StaticRequestMappingHandlerMapping#532 Mapped "{[/ || /welcome],methods=[GET]}" onto public final java.lang.String com.visualpathit.account.controller.UserController.welcome(org.springframework.ui.Model)
17:52:37.459 [main] INFO  o.s.t.w.s.s.StandaloneMockMvcBuilder$StaticRequestMappingHandlerMapping#532 Mapped "{[/registration],methods=[GET]}" onto public final java.lang.String com.visualpathit.account.controller.UserController.registration(org.springframework.ui.Model)
17:52:37.460 [main] INFO  o.s.t.w.s.s.StandaloneMockMvcBuilder$StaticRequestMappingHandlerMapping#532 Mapped "{[/registration],methods=[POST]}" onto public final java.lang.String com.visualpathit.account.controller.UserController.registration(com.visualpathit.account.model.User,org.springframework.validation.BindingResult,org.springframework.ui.Model)
17:52:37.566 [main] INFO  o.s.w.s.m.m.a.RequestMappingHandlerAdapter#532 Looking for @ControllerAdvice: org.springframework.test.web.servlet.setup.StubWebApplicationContext@4355f7b6
17:52:37.602 [main] INFO  o.s.m.w.MockServletContext#390 Initializing Spring FrameworkServlet ''
17:52:37.603 [main] INFO  o.s.t.w.s.TestDispatcherServlet#488 FrameworkServlet '': initialization started
17:52:37.603 [main] INFO  o.s.t.w.s.TestDispatcherServlet#507 FrameworkServlet '': initialization completed in 0 ms
]]></system-out>
  </testcase>
  <testcase name="welcomeAfterDirectLoginTestHappyFlow" classname="com.visualpathit.account.controllerTest.UserControllerTest" time="0.304">
    <system-out><![CDATA[17:52:37.656 [main] INFO  o.s.t.w.s.s.StandaloneMockMvcBuilder$StaticRequestMappingHandlerMapping#532 Mapped "{[/index],methods=[GET]}" onto public final java.lang.String com.visualpathit.account.controller.UserController.indexHome(org.springframework.ui.Model)
17:52:37.668 [main] INFO  o.s.t.w.s.s.StandaloneMockMvcBuilder$StaticRequestMappingHandlerMapping#532 Mapped "{[/users],methods=[GET]}" onto public java.lang.String com.visualpathit.account.controller.UserController.getAllUsers(org.springframework.ui.Model)
17:52:37.670 [main] INFO  o.s.t.w.s.s.StandaloneMockMvcBuilder$StaticRequestMappingHandlerMapping#532 Mapped "{[/users/{id}],methods=[GET]}" onto public java.lang.String com.visualpathit.account.controller.UserController.getOneUser(java.lang.String,org.springframework.ui.Model)
17:52:37.672 [main] INFO  o.s.t.w.s.s.StandaloneMockMvcBuilder$StaticRequestMappingHandlerMapping#532 Mapped "{[/user/{username}],methods=[GET]}" onto public final java.lang.String com.visualpathit.account.controller.UserController.userUpdate(java.lang.String,org.springframework.ui.Model)
17:52:37.673 [main] INFO  o.s.t.w.s.s.StandaloneMockMvcBuilder$StaticRequestMappingHandlerMapping#532 Mapped "{[/user/rabbit],methods=[GET]}" onto public java.lang.String com.visualpathit.account.controller.UserController.rabbitmqSetUp()
17:52:37.674 [main] INFO  o.s.t.w.s.s.StandaloneMockMvcBuilder$StaticRequestMappingHandlerMapping#532 Mapped "{[/user/{username}],methods=[POST]}" onto public final java.lang.String com.visualpathit.account.controller.UserController.userUpdateProfile(java.lang.String,com.visualpathit.account.model.User,org.springframework.ui.Model)
17:52:37.676 [main] INFO  o.s.t.w.s.s.StandaloneMockMvcBuilder$StaticRequestMappingHandlerMapping#532 Mapped "{[/login],methods=[GET]}" onto public final java.lang.String com.visualpathit.account.controller.UserController.login(org.springframework.ui.Model,java.lang.String,java.lang.String)
17:52:37.677 [main] INFO  o.s.t.w.s.s.StandaloneMockMvcBuilder$StaticRequestMappingHandlerMapping#532 Mapped "{[/ || /welcome],methods=[GET]}" onto public final java.lang.String com.visualpathit.account.controller.UserController.welcome(org.springframework.ui.Model)
17:52:37.679 [main] INFO  o.s.t.w.s.s.StandaloneMockMvcBuilder$StaticRequestMappingHandlerMapping#532 Mapped "{[/registration],methods=[GET]}" onto public final java.lang.String com.visualpathit.account.controller.UserController.registration(org.springframework.ui.Model)
17:52:37.680 [main] INFO  o.s.t.w.s.s.StandaloneMockMvcBuilder$StaticRequestMappingHandlerMapping#532 Mapped "{[/registration],methods=[POST]}" onto public final java.lang.String com.visualpathit.account.controller.UserController.registration(com.visualpathit.account.model.User,org.springframework.validation.BindingResult,org.springframework.ui.Model)
17:52:37.768 [main] INFO  o.s.w.s.m.m.a.RequestMappingHandlerAdapter#532 Looking for @ControllerAdvice: org.springframework.test.web.servlet.setup.StubWebApplicationContext@7ff4f301
17:52:37.933 [main] INFO  o.s.m.w.MockServletContext#390 Initializing Spring FrameworkServlet ''
17:52:37.935 [main] INFO  o.s.t.w.s.TestDispatcherServlet#488 FrameworkServlet '': initialization started
17:52:37.936 [main] INFO  o.s.t.w.s.TestDispatcherServlet#507 FrameworkServlet '': initialization completed in 0 ms
]]></system-out>
  </testcase>
  <testcase name="registrationTestforNullValueHappyFlow" classname="com.visualpathit.account.controllerTest.UserControllerTest" time="0.241">
    <system-out><![CDATA[17:52:37.973 [main] INFO  o.s.t.w.s.s.StandaloneMockMvcBuilder$StaticRequestMappingHandlerMapping#532 Mapped "{[/index],methods=[GET]}" onto public final java.lang.String com.visualpathit.account.controller.UserController.indexHome(org.springframework.ui.Model)
17:52:37.975 [main] INFO  o.s.t.w.s.s.StandaloneMockMvcBuilder$StaticRequestMappingHandlerMapping#532 Mapped "{[/users],methods=[GET]}" onto public java.lang.String com.visualpathit.account.controller.UserController.getAllUsers(org.springframework.ui.Model)
17:52:37.976 [main] INFO  o.s.t.w.s.s.StandaloneMockMvcBuilder$StaticRequestMappingHandlerMapping#532 Mapped "{[/users/{id}],methods=[GET]}" onto public java.lang.String com.visualpathit.account.controller.UserController.getOneUser(java.lang.String,org.springframework.ui.Model)
17:52:37.977 [main] INFO  o.s.t.w.s.s.StandaloneMockMvcBuilder$StaticRequestMappingHandlerMapping#532 Mapped "{[/user/{username}],methods=[GET]}" onto public final java.lang.String com.visualpathit.account.controller.UserController.userUpdate(java.lang.String,org.springframework.ui.Model)
17:52:37.977 [main] INFO  o.s.t.w.s.s.StandaloneMockMvcBuilder$StaticRequestMappingHandlerMapping#532 Mapped "{[/user/rabbit],methods=[GET]}" onto public java.lang.String com.visualpathit.account.controller.UserController.rabbitmqSetUp()
17:52:37.981 [main] INFO  o.s.t.w.s.s.StandaloneMockMvcBuilder$StaticRequestMappingHandlerMapping#532 Mapped "{[/user/{username}],methods=[POST]}" onto public final java.lang.String com.visualpathit.account.controller.UserController.userUpdateProfile(java.lang.String,com.visualpathit.account.model.User,org.springframework.ui.Model)
17:52:37.984 [main] INFO  o.s.t.w.s.s.StandaloneMockMvcBuilder$StaticRequestMappingHandlerMapping#532 Mapped "{[/login],methods=[GET]}" onto public final java.lang.String com.visualpathit.account.controller.UserController.login(org.springframework.ui.Model,java.lang.String,java.lang.String)
17:52:37.985 [main] INFO  o.s.t.w.s.s.StandaloneMockMvcBuilder$StaticRequestMappingHandlerMapping#532 Mapped "{[/ || /welcome],methods=[GET]}" onto public final java.lang.String com.visualpathit.account.controller.UserController.welcome(org.springframework.ui.Model)
17:52:37.986 [main] INFO  o.s.t.w.s.s.StandaloneMockMvcBuilder$StaticRequestMappingHandlerMapping#532 Mapped "{[/registration],methods=[GET]}" onto public final java.lang.String com.visualpathit.account.controller.UserController.registration(org.springframework.ui.Model)
17:52:37.987 [main] INFO  o.s.t.w.s.s.StandaloneMockMvcBuilder$StaticRequestMappingHandlerMapping#532 Mapped "{[/registration],methods=[POST]}" onto public final java.lang.String com.visualpathit.account.controller.UserController.registration(com.visualpathit.account.model.User,org.springframework.validation.BindingResult,org.springframework.ui.Model)
17:52:38.125 [main] INFO  o.s.w.s.m.m.a.RequestMappingHandlerAdapter#532 Looking for @ControllerAdvice: org.springframework.test.web.servlet.setup.StubWebApplicationContext@fec48ec
17:52:38.144 [main] INFO  o.s.m.w.MockServletContext#390 Initializing Spring FrameworkServlet ''
17:52:38.144 [main] INFO  o.s.t.w.s.TestDispatcherServlet#488 FrameworkServlet '': initialization started
17:52:38.147 [main] INFO  o.s.t.w.s.TestDispatcherServlet#507 FrameworkServlet '': initialization completed in 1 ms
]]></system-out>
  </testcase>
</testsuite>